<?xml version="1.0" encoding="UTF-8" ?>
<testsuite tests="8" failures="0" name="com.sambadjibi.TestCalculator" time="0.01" errors="0" skipped="0">
  <properties>
[...]
</properties>
  <testcase classname="com.sambadjibi.TestCalculator" name="testdivide" time="0.009"/>
  <testcase classname="com.sambadjibi.TestCalculator" name="testmax" time="0"/>
  <testcase classname="com.sambadjibi.TestCalculator" name="testmin" time="0"/>
  <testcase classname="com.sambadjibi.TestCalculator" name="testsum" time="0"/>
  <testcase classname="com.sambadjibi.TestCalculator" name="testminus" time="0.001"/>
  <testcase classname="com.sambadjibi.TestCalculator" name="testminElement" time="0"/>
  <testcase classname="com.sambadjibi.TestCalculator" name="testmaxElement" time="0"/>
  <testcase classname="com.sambadjibi.TestCalculator" name="testmultiplie" time="0"/>
</testsuite>